<?xml version="1.0" encoding="UTF-8"?>
<!-- Generated by org.testng.reporters.JUnitReportReporter -->
<testsuite hostname="THANHHUY" failures="0" tests="5" name="com.example.demo.CalculatorTest" time="0.090" errors="0" timestamp="06 Apr 2025 12:26:12 GMT" skipped="0">
  <testcase classname="com.example.demo.CalculatorTest" name="testSubtract" time="0.010"/>
  <testcase classname="com.example.demo.CalculatorTest" name="testMultiply" time="0.038"/>
  <testcase classname="com.example.demo.CalculatorTest" name="testAdd" time="0.028"/>
  <testcase classname="com.example.demo.CalculatorTest" name="testDivideByZero" time="0.009"/>
  <testcase classname="com.example.demo.CalculatorTest" name="testDivide" time="0.005"/>
</testsuite> <!-- com.example.demo.CalculatorTest -->
